[0m[[0m[0mdebug[0m] [0m[0m> Exec(test, Some(2709e046-4637-488a-af37-1d444d5f21d2), Some(CommandSource(console0)))[0m
[0m[[0m[0mdebug[0m] [0m[0mEvaluating tasks: Test / test[0m
[0m[[0m[0mdebug[0m] [0m[0mRunning task... Cancel: Signal, check cycles: false, forcegc: true[0m
[0m[[0m[0minfo[0m] [0m[0mcompiling 1 Scala source to D:\coding\COSE212-plrg-hw\hw2-mini-fsharp\target\scala-3.3.1\classes ...[0m
[0m[[0m[0minfo[0m] [0m[0m[32mSpec:[0m[0m
[0m[[0m[0minfo[0m] [0m[0m[32meval("42")[0m[0m
[0m[[0m[0minfo[0m] [0m[0m[32m- should be "42"[0m[0m
[0m[[0m[0minfo[0m] [0m[0m[32meval("true")[0m[0m
[0m[[0m[0minfo[0m] [0m[0m[32m- should be "true"[0m[0m
[0m[[0m[0minfo[0m] [0m[0m[32meval("false")[0m[0m
[0m[[0m[0minfo[0m] [0m[0m[32m- should be "false"[0m[0m
[0m[[0m[0minfo[0m] [0m[0m[32meval("x")[0m[0m
[0m[[0m[0minfo[0m] [0m[0m[32m- should throw an error with a message "free identifier"[0m[0m
[0m[[0m[0minfo[0m] [0m[0m[32meval("-(-42)")[0m[0m
[0m[[0m[0minfo[0m] [0m[0m[32m- should be "42"[0m[0m
[0m[[0m[0minfo[0m] [0m[0m[32meval("1 + 2")[0m[0m
[0m[[0m[0minfo[0m] [0m[0m[32m- should be "3"[0m[0m
[0m[[0m[0minfo[0m] [0m[0m[32meval("19 - 2")[0m[0m
[0m[[0m[0minfo[0m] [0m[0m[32m- should be "17"[0m[0m
[0m[[0m[0minfo[0m] [0m[0m[32meval("2 * 3")[0m[0m
[0m[[0m[0minfo[0m] [0m[0m[32m- should be "6"[0m[0m
[0m[[0m[0minfo[0m] [0m[0m[32meval("15 / 2")[0m[0m
[0m[[0m[0minfo[0m] [0m[0m[32m- should be "7"[0m[0m
[0m[[0m[0minfo[0m] [0m[0m[32meval("3 / 0")[0m[0m
[0m[[0m[0minfo[0m] [0m[0m[32m- should throw an error with a message "invalid operation"[0m[0m
[0m[[0m[0minfo[0m] [0m[0m[32meval("15 % -4")[0m[0m
[0m[[0m[0minfo[0m] [0m[0m[32m- should be "3"[0m[0m
[0m[[0m[0minfo[0m] [0m[0m[32meval("3 % 0")[0m[0m
[0m[[0m[0minfo[0m] [0m[0m[32m- should throw an error with a message "invalid operation"[0m[0m
[0m[[0m[0minfo[0m] [0m[0m[32meval("!true")[0m[0m
[0m[[0m[0minfo[0m] [0m[0m[32m- should be "false"[0m[0m
[0m[[0m[0minfo[0m] [0m[0m[32meval("!false")[0m[0m
[0m[[0m[0minfo[0m] [0m[0m[32m- should be "true"[0m[0m
[0m[[0m[0minfo[0m] [0m[0m[32meval("true && true")[0m[0m
[0m[[0m[0minfo[0m] [0m[0m[32m- should be "true"[0m[0m
[0m[[0m[0minfo[0m] [0m[0m[32meval("true && false")[0m[0m
[0m[[0m[0minfo[0m] [0m[0m[32m- should be "false"[0m[0m
[0m[[0m[0minfo[0m] [0m[0m[32meval("false && true")[0m[0m
[0m[[0m[0minfo[0m] [0m[0m[32m- should be "false"[0m[0m
[0m[[0m[0minfo[0m] [0m[0m[32meval("false && false")[0m[0m
[0m[[0m[0minfo[0m] [0m[0m[32m- should be "false"[0m[0m
[0m[[0m[0minfo[0m] [0m[0m[32meval("true || true")[0m[0m
[0m[[0m[0minfo[0m] [0m[0m[32m- should be "true"[0m[0m
[0m[[0m[0minfo[0m] [0m[0m[32meval("true || false")[0m[0m
[0m[[0m[0minfo[0m] [0m[0m[32m- should be "true"[0m[0m
[0m[[0m[0minfo[0m] [0m[0m[32meval("false || true")[0m[0m
[0m[[0m[0minfo[0m] [0m[0m[32m- should be "true"[0m[0m
[0m[[0m[0minfo[0m] [0m[0m[32meval("false || false")[0m[0m
[0m[[0m[0minfo[0m] [0m[0m[32m- should be "false"[0m[0m
[0m[[0m[0minfo[0m] [0m[0m[32meval("1 = 1")[0m[0m
[0m[[0m[0minfo[0m] [0m[0m[32m- should be "true"[0m[0m
[0m[[0m[0minfo[0m] [0m[0m[32meval("1 = 2")[0m[0m
[0m[[0m[0minfo[0m] [0m[0m[32m- should be "false"[0m[0m
[0m[[0m[0minfo[0m] [0m[0m[32meval("1 <> 1")[0m[0m
[0m[[0m[0minfo[0m] [0m[0m[32m- should be "false"[0m[0m
[0m[[0m[0minfo[0m] [0m[0m[32meval("true = 1")[0m[0m
[0m[[0m[0minfo[0m] [0m[0m[32m- should be "false"[0m[0m
[0m[[0m[0minfo[0m] [0m[0m[32meval("true = true")[0m[0m
[0m[[0m[0minfo[0m] [0m[0m[32m- should be "true"[0m[0m
[0m[[0m[0minfo[0m] [0m[0m[32meval("true = false")[0m[0m
[0m[[0m[0minfo[0m] [0m[0m[32m- should be "false"[0m[0m
[0m[[0m[0minfo[0m] [0m[0m[32meval("[] = []")[0m[0m
[0m[[0m[0minfo[0m] [0m[0m[32m- should be "true"[0m[0m
[0m[[0m[0minfo[0m] [0m[0m[32meval("[] = (1 :: [])")[0m[0m
[0m[[0m[0minfo[0m] [0m[0m[32m- should be "false"[0m[0m
[0m[[0m[0minfo[0m] [0m[0m[32meval("(2 :: []) = []")[0m[0m
[0m[[0m[0minfo[0m] [0m[0m[32m- should be "false"[0m[0m
[0m[[0m[0minfo[0m] [0m[0m[32meval("1 :: 2")[0m[0m
[0m[[0m[0minfo[0m] [0m[0m[32m- should throw an error with a message "not a list"[0m[0m
[0m[[0m[0minfo[0m] [0m[0m[32meval("[1; 2; 3] = 1 :: 2 :: 3 :: []")[0m[0m
[0m[[0m[0minfo[0m] [0m[0m[32m- should be "true"[0m[0m
[0m[[0m[0minfo[0m] [0m[0m[32meval("(1, 2, true) = (1, 2, true)")[0m[0m
[0m[[0m[0minfo[0m] [0m[0m[32m- should be "true"[0m[0m
[0m[[0m[0minfo[0m] [0m[0m[32meval("(fun x -> x + 1) <> 42")[0m[0m
[0m[[0m[0minfo[0m] [0m[0m[32m- should be "true"[0m[0m
[0m[[0m[0minfo[0m] [0m[0m[32meval("(fun x -> x + 1) = (fun x -> x + 1)")[0m[0m
[0m[[0m[0minfo[0m] [0m[0m[32m- should be "false"[0m[0m
[0m[[0m[0minfo[0m] [0m[0m[32meval("(1, fun x -> x) = (1, fun x -> x)")[0m[0m
[0m[[0m[0minfo[0m] [0m[0m[32m- should be "false"[0m[0m
[0m[[0m[0minfo[0m] [0m[0m[32meval("[1; 2; (fun x -> x); 5] = [1; 2; (fun x -> x); 5]")[0m[0m
[0m[[0m[0minfo[0m] [0m[0m[32m- should be "false"[0m[0m
[0m[[0m[0minfo[0m] [0m[0m[32meval("(fun x -> x) :: [] = (fun x -> x) :: []")[0m[0m
[0m[[0m[0minfo[0m] [0m[0m[32m- should be "false"[0m[0m
[0m[[0m[0minfo[0m] [0m[0m[32meval("(1, 2, 3) <> [1; 2; 3]")[0m[0m
[0m[[0m[0minfo[0m] [0m[0m[32m- should be "true"[0m[0m
[0m[[0m[0minfo[0m] [0m[0m[32meval("1 < 2")[0m[0m
[0m[[0m[0minfo[0m] [0m[0m[32m- should be "true"[0m[0m
[0m[[0m[0minfo[0m] [0m[0m[32meval("2 >= 5")[0m[0m
[0m[[0m[0minfo[0m] [0m[0m[32m- should be "false"[0m[0m
[0m[[0m[0minfo[0m] [0m[0m[32meval("1 <= 1")[0m[0m
[0m[[0m[0minfo[0m] [0m[0m[32m- should be "true"[0m[0m
[0m[[0m[0minfo[0m] [0m[0m[32meval("1 > 1")[0m[0m
[0m[[0m[0minfo[0m] [0m[0m[32m- should be "false"[0m[0m
[0m[[0m[0minfo[0m] [0m[0m[32meval("1 < true")[0m[0m
[0m[[0m[0minfo[0m] [0m[0m[32m- should throw an error with a message "invalid operation"[0m[0m
[0m[[0m[0minfo[0m] [0m[0m[32meval("if 3 < 5 then 10 else 20")[0m[0m
[0m[[0m[0minfo[0m] [0m[0m[32m- should be "10"[0m[0m
[0m[[0m[0minfo[0m] [0m[0m[32meval("if 3 > 5 then 10 else 20")[0m[0m
[0m[[0m[0minfo[0m] [0m[0m[32m- should be "20"[0m[0m
[0m[[0m[0minfo[0m] [0m[0m[32meval("if 3 < 5 then 10 else 1 + true")[0m[0m
[0m[[0m[0minfo[0m] [0m[0m[32m- should be "10"[0m[0m
[0m[[0m[0minfo[0m] [0m[0m[32meval("if 3 > 5 then 1 + true else 20")[0m[0m
[0m[[0m[0minfo[0m] [0m[0m[32m- should be "20"[0m[0m
[0m[[0m[0minfo[0m] [0m[0m[32meval("if 3 then 10 else 20")[0m[0m
[0m[[0m[0minfo[0m] [0m[0m[32m- should throw an error with a message "not a boolean"[0m[0m
[0m[[0m[0minfo[0m] [0m[0m[32meval("[]")[0m[0m
[0m[[0m[0minfo[0m] [0m[0m[32m- should be "[]"[0m[0m
[0m[[0m[0minfo[0m] [0m[0m[32meval("1 :: 2 :: 3 :: []")[0m[0m
[0m[[0m[0minfo[0m] [0m[0m[32m- should be "[1; 2; 3]"[0m[0m
[0m[[0m[0minfo[0m] [0m[0m[32meval("[4; 2; 3]")[0m[0m
[0m[[0m[0minfo[0m] [0m[0m[32m- should be "[4; 2; 3]"[0m[0m
[0m[[0m[0minfo[0m] [0m[0m[32meval("let x = 42 in x + 1")[0m[0m
[0m[[0m[0minfo[0m] [0m[0m[32m- should be "43"[0m[0m
[0m[[0m[0minfo[0m] [0m[0m[32meval("let x = 1 in let y = 2 in x + y")[0m[0m
[0m[[0m[0minfo[0m] [0m[0m[32m- should be "3"[0m[0m
[0m[[0m[0minfo[0m] [0m[0m[32meval("let (x, y) = (1, 2) in x + y")[0m[0m
[0m[[0m[0minfo[0m] [0m[0m[32m- should be "3"[0m[0m
[0m[[0m[0minfo[0m] [0m[0m[32meval("let (x, y, z) = 42 in x")[0m[0m
[0m[[0m[0minfo[0m] [0m[0m[32m- should throw an error with a message "invalid pattern match"[0m[0m
[0m[[0m[0minfo[0m] [0m[0m[32meval("let (1, y) = (1, 2) in y")[0m[0m
[0m[[0m[0minfo[0m] [0m[0m[32m- should be "2"[0m[0m
[0m[[0m[0minfo[0m] [0m[0m[32meval("let (1, y) = (2, 3) in y")[0m[0m
[0m[[0m[0minfo[0m] [0m[0m[32m- should throw an error with a message "invalid pattern match"[0m[0m
[0m[[0m[0minfo[0m] [0m[0m[32meval("let h :: _ = [1; 2; 3] in h")[0m[0m
[0m[[0m[0minfo[0m] [0m[0m[32m- should be "1"[0m[0m
[0m[[0m[0minfo[0m] [0m[0m[32meval("let [x; y] = [1; 2] in x + y")[0m[0m
[0m[[0m[0minfo[0m] [0m[0m[32m- should be "3"[0m[0m
[0m[[0m[0minfo[0m] [0m[0m[32meval("let [x; y] = [1; 2; 3] in x + y")[0m[0m
[0m[[0m[0minfo[0m] [0m[0m[32m- should throw an error with a message "invalid pattern match"[0m[0m
[0m[[0m[0minfo[0m] [0m[0m[32meval("(let x = 1 in x) + (let y = 2 in y)")[0m[0m
[0m[[0m[0minfo[0m] [0m[0m[32m- should be "3"[0m[0m
[0m[[0m[0minfo[0m] [0m[0m[32meval("(let x = 42 in x + 1) + x")[0m[0m
[0m[[0m[0minfo[0m] [0m[0m[32m- should throw an error with a message "free identifier"[0m[0m
[0m[[0m[0minfo[0m] [0m[0m[32meval("fun x -> x + 1")[0m[0m
[0m[[0m[0minfo[0m] [0m[0m[32m- should be "<function>"[0m[0m
[0m[[0m[0minfo[0m] [0m[0m[32meval("fun () -> x")[0m[0m
[0m[[0m[0minfo[0m] [0m[0m[32m- should be "<function>"[0m[0m
[0m[[0m[0minfo[0m] [0m[0m[32meval("(fun x -> x + 2) 3")[0m[0m
[0m[[0m[0minfo[0m] [0m[0m[32m- should be "5"[0m[0m
[0m[[0m[0minfo[0m] [0m[0m[32meval("let addN n m = n + m in let add3 = addN 3 in add3 4")[0m[0m
[0m[[0m[0minfo[0m] [0m[0m[32m- should be "7"[0m[0m
[0m[[0m[0minfo[0m] [0m[0m[32meval("let g = fun () -> 1 + 2 in g ()")[0m[0m
[0m[[0m[0minfo[0m] [0m[0m[32m- should be "3"[0m[0m
[0m[[0m[0minfo[0m] [0m[0m[32meval("let f = fun (a, b, c) -> a + b + c in f (1, 2, 3)")[0m[0m
[0m[[0m[0minfo[0m] [0m[0m[32m- should be "6"[0m[0m
[0m[[0m[0minfo[0m] [0m[0m[32meval("let x = 42 in let f = fun y -> x + y in let x = 3 in f 1")[0m[0m
[0m[[0m[0minfo[0m] [0m[0m[32m- should be "43"[0m[0m
[0m[[0m[0minfo[0m] [0m[0m[32meval("42 true")[0m[0m
[0m[[0m[0minfo[0m] [0m[0m[32m- should throw an error with a message "not a function"[0m[0m
[0m[[0m[0minfo[0m] [0m[0m[32meval("let rec f x y = x + y in f 1")[0m[0m
[0m[[0m[0minfo[0m] [0m[0m[32m- should be "<function>"[0m[0m
[0m[[0m[0minfo[0m] [0m[0m[32meval("let rec g y = f (y + 1) and f x = x * 2 in g 3")[0m[0m
[0m[[0m[0minfo[0m] [0m[0m[32m- should be "8"[0m[0m
[0m[[0m[0minfo[0m] [0m[0m[32meval("let f x = match x with | 0 -> 0 | _ -> 1 in f 0")[0m[0m
[0m[[0m[0minfo[0m] [0m[0m[32m- should be "0"[0m[0m
[0m[[0m[0minfo[0m] [0m[0m[32meval("let f x = match x with | 0 -> 0 | _ -> 1 in f 42")[0m[0m
[0m[[0m[0minfo[0m] [0m[0m[32m- should be "1"[0m[0m
[0m[[0m[0minfo[0m] [0m[0m[32meval("let f x = match x with | 0 -> 0 | _ -> 1 in f true")[0m[0m
[0m[[0m[0minfo[0m] [0m[0m[32m- should be "1"[0m[0m
[0m[[0m[0minfo[0m] [0m[0m[32meval("let f x = match x with | 0 -> 0 | _ -> y in f 0")[0m[0m
[0m[[0m[0minfo[0m] [0m[0m[32m- should be "0"[0m[0m
[0m[[0m[0minfo[0m] [0m[0m[32meval("let f x = match x with | 0 -> 0 | 0 -> 1 in f 0")[0m[0m
[0m[[0m[0minfo[0m] [0m[0m[32m- should be "0"[0m[0m
[0m[[0m[0minfo[0m] [0m[0m[32meval("let f x = match x with | 0 -> 0 in f 42")[0m[0m
[0m[[0m[0minfo[0m] [0m[0m[32m- should throw an error with a message "unmatched value"[0m[0m
[0m[[0m[0minfo[0m] [0m[0m[32meval("let f x = match x with | true -> -1 in f 0")[0m[0m
[0m[[0m[0minfo[0m] [0m[0m[32m- should throw an error with a message "unmatched value"[0m[0m
[0m[[0m[0minfo[0m] [0m[0m[32meval("let f opt = match opt with | None -> 0 | Some x -> x in f (Some  ...[0m[0m
[0m[[0m[0minfo[0m] [0m[0m[32m- should be "42"[0m[0m
[0m[[0m[0minfo[0m] [0m[0m[32meval("let rec sum x = if x < 1 then 0 else x + sum (x - 1) in sum 10")[0m[0m
[0m[[0m[0minfo[0m] [0m[0m[32m- should be "55"[0m[0m
[0m[[0m[0minfo[0m] [0m[0m[32meval("let rec mod(x, y) = if x < y then x else mod(x-y, y) in mod(42,  ...[0m[0m
[0m[[0m[0minfo[0m] [0m[0m[32m- should be "2"[0m[0m
[0m[[0m[0minfo[0m] [0m[0m[32meval("\r\n    let rec len l =\r\n      match l with \r\n      | [] ->  ...[0m[0m
[0m[[0m[0minfo[0m] [0m[0m[32m- should be "3"[0m[0m
[0m[[0m[0minfo[0m] [0m[0m[32meval("\r\n      let rec len l =\r\n        match l with \r\n        |  ...[0m[0m
[0m[[0m[0minfo[0m] [0m[0m[32m- should be "3"[0m[0m
[0m[[0m[0minfo[0m] [0m[0m[32meval("\r\n      let rec alternate l1 l2 =\r\n        match l1, l2 with ...[0m[0m
[0m[[0m[0minfo[0m] [0m[0m[32m- should be "[1; 4; 2; 5; 3; 6]"[0m[0m
[0m[[0m[0minfo[0m] [0m[0m[32meval("\r\n      let rec flatten l =\r\n        let rec aux l1 l2 =\r\n ...[0m[0m
[0m[[0m[0minfo[0m] [0m[0m[32m- should be "[1; [2; 3]; 4; 5; 6]"[0m[0m
[0m[[0m[0minfo[0m] [0m[0m[32meval(expr1)[0m[0m
[0m[[0m[0minfo[0m] [0m[0m[32m- should be "36"[0m[0m
[0m[[0m[0minfo[0m] [0m[0m[32meval(expr2)[0m[0m
[0m[[0m[0minfo[0m] [0m[0m[32m- should be "3628800"[0m[0m
[0m[[0m[0minfo[0m] [0m[0m[32meval(expr3)[0m[0m
[0m[[0m[0minfo[0m] [0m[0m[32m- should be "true"[0m[0m
[0m[[0m[0minfo[0m] [0m[0m[32meval(expr4)[0m[0m
[0m[[0m[0minfo[0m] [0m[0m[32m- should be "5050"[0m[0m
[0m[[0m[0minfo[0m] [0m[0m[32meval(expr5)[0m[0m
[0m[[0m[0minfo[0m] [0m[0m[32m- should be "128"[0m[0m
[0m[[0m[0minfo[0m] [0m[0m[32meval(expr6)[0m[0m
[0m[[0m[0minfo[0m] [0m[0m[32m- should be "547"[0m[0m
[0m[[0m[0minfo[0m] [0m[0m[32meval(expr7)[0m[0m
[0m[[0m[0minfo[0m] [0m[0m[32m- should be "45"[0m[0m
[0m[[0m[0minfo[0m] [0m[0m[32meval(expr8)[0m[0m
[0m[[0m[0minfo[0m] [0m[0m[32m- should be "165"[0m[0m
[0m[[0m[0minfo[0m] [0m[0m[32meval(expr9)[0m[0m
[0m[[0m[0minfo[0m] [0m[0m[32m- should be "true"[0m[0m
[0m[[0m[0minfo[0m] [0m[0m[32meval(expr10)[0m[0m
[0m[[0m[0minfo[0m] [0m[0m[32m- should be "[2; 2; 2; 3; 3; 13]"[0m[0m
[0m[[0m[0minfo[0m] [0m[0m[32meval(expr11)[0m[0m
[0m[[0m[0minfo[0m] [0m[0m[32m- should be "55"[0m[0m
[0m[[0m[0minfo[0m] [0m[0m[32meval(expr12)[0m[0m
[0m[[0m[0minfo[0m] [0m[0m[32m- should be "3628800"[0m[0m
[0m[[0m[0minfo[0m] [0m[0m[32meval(expr13)[0m[0m
[0m[[0m[0minfo[0m] [0m[0m[32m- should be "((Some 1), None)"[0m[0m
[0m[[0m[0minfo[0m] [0m[0m[32meval(expr14)[0m[0m
[0m[[0m[0minfo[0m] [0m[0m[32m- should be "[1; 2; 3; 4; 5; 6; 7; 8]"[0m[0m
[0m[[0m[0minfo[0m] [0m[0m[32meval(expr15)[0m[0m
[0m[[0m[0minfo[0m] [0m[0m[32m- should be "[(9, 2); (2, 0)]"[0m[0m
[0m[[0m[0minfo[0m] [0m[0m[32meval(expr16)[0m[0m
[0m[[0m[0minfo[0m] [0m[0m[32m- should be "[(42, 4); (13, 2); (7, 3)]"[0m[0m
[0m[[0m[0minfo[0m] [0m[0m[32meval(expr17)[0m[0m
[0m[[0m[0minfo[0m] [0m[0m[32m- should be "((Some (1, 9)), None)"[0m[0m
[0m[[0m[0minfo[0m] [0m[0m[32meval(expr18)[0m[0m
[0m[[0m[0minfo[0m] [0m[0m[32m- should be "92"[0m[0m
[0m[[0m[0minfo[0m] [0m[0m[32meval(expr19)[0m[0m
[0m[[0m[0minfo[0m] [0m[0m[32m- should be "[(60, [0]); (100, [1]); (160, [0; 1]); (180, [0; 2]); (220, [1; 2])]"[0m[0m
[0m[[0m[0minfo[0m] [0m[0m[32meval(expr20)[0m[0m
[0m[[0m[0minfo[0m] [0m[0m[32m- should be "(Some [[5; 7; 8; 2; 3; 4; 6; 1; 9]; [4; 3; 2; 6; 1; 9; 8; 7; 5]; [9;  ...[0m[0m
[0m[[0m[0minfo[0m] [0m[0m[32mafterAllPass(eval(hanoiMovesExpr(3, 0, 1, 2)))[0m[0m
[0m[[0m[0minfo[0m] [0m[0m[32m- should be "[(0, 2); (0, 1); (2, 1); (0, 2); (1, 0); (1, 2); (0, 2)]"[0m[0m
[0m[[0m[0minfo[0m] [0m[0m[36mRun completed in 1 second, 838 milliseconds.[0m[0m
[0m[[0m[0minfo[0m] [0m[0m[36mTotal number of tests run: 109[0m[0m
[0m[[0m[0minfo[0m] [0m[0m[36mSuites: completed 1, aborted 0[0m[0m
[0m[[0m[0minfo[0m] [0m[0m[36mTests: succeeded 109, failed 0, canceled 0, ignored 0, pending 0[0m[0m
[0m[[0m[0minfo[0m] [0m[0m[32mAll tests passed.[0m[0m
[0m[[0m[0mdebug[0m] [0m[0mForcing garbage collection...[0m
[0m[[0m[32msuccess[0m] [0m[0mTotal time: 3 s, completed 2025. 10. 13. 오전 1:45:39[0m
[0m[[0m[0mdebug[0m] [0m[0m> Exec(shell, None, None)[0m
[0m[[0m[0mdebug[0m] [0m[0mForcing garbage collection...[0m
